{"/Users/mustafaabdelhamid/Desktop/local-pickup-sports-manager/mobile/actions/auth_actions.js": {"path":"/Users/mustafaabdelhamid/Desktop/local-pickup-sports-manager/mobile/actions/auth_actions.js","statementMap":{"0":{"start":{"line":8,"column":22},"end":{"line":32,"column":1}},"1":{"start":{"line":9,"column":2},"end":{"line":31,"column":3}},"2":{"start":{"line":10,"column":20},"end":{"line":20,"column":5}},"3":{"start":{"line":23,"column":4},"end":{"line":25,"column":5}},"4":{"start":{"line":24,"column":6},"end":{"line":24,"column":37}},"5":{"start":{"line":27,"column":28},"end":{"line":27,"column":48}},"6":{"start":{"line":28,"column":4},"end":{"line":28,"column":75}},"7":{"start":{"line":30,"column":4},"end":{"line":30,"column":70}},"8":{"start":{"line":35,"column":24},"end":{"line":61,"column":1}},"9":{"start":{"line":36,"column":35},"end":{"line":41,"column":3}},"10":{"start":{"line":43,"column":2},"end":{"line":46,"column":3}},"11":{"start":{"line":44,"column":4},"end":{"line":44,"column":35}},"12":{"start":{"line":45,"column":4},"end":{"line":45,"column":16}},"13":{"start":{"line":48,"column":2},"end":{"line":58,"column":3}},"14":{"start":{"line":49,"column":4},"end":{"line":57,"column":5}},"15":{"start":{"line":50,"column":6},"end":{"line":50,"column":52}},"16":{"start":{"line":51,"column":6},"end":{"line":54,"column":8}},"17":{"start":{"line":56,"column":6},"end":{"line":56,"column":56}},"18":{"start":{"line":60,"column":2},"end":{"line":60,"column":15}},"19":{"start":{"line":63,"column":23},"end":{"line":91,"column":1}},"20":{"start":{"line":63,"column":29},"end":{"line":91,"column":1}},"21":{"start":{"line":66,"column":2},"end":{"line":71,"column":3}},"22":{"start":{"line":67,"column":4},"end":{"line":67,"column":51}},"23":{"start":{"line":68,"column":4},"end":{"line":68,"column":63}},"24":{"start":{"line":70,"column":4},"end":{"line":70,"column":59}},"25":{"start":{"line":74,"column":2},"end":{"line":79,"column":3}},"26":{"start":{"line":75,"column":4},"end":{"line":75,"column":44}},"27":{"start":{"line":76,"column":4},"end":{"line":78,"column":5}},"28":{"start":{"line":77,"column":6},"end":{"line":77,"column":13}},"29":{"start":{"line":81,"column":2},"end":{"line":90,"column":3}},"30":{"start":{"line":82,"column":21},"end":{"line":84,"column":5}},"31":{"start":{"line":86,"column":20},"end":{"line":86,"column":41}},"32":{"start":{"line":87,"column":4},"end":{"line":87,"column":50}},"33":{"start":{"line":89,"column":4},"end":{"line":89,"column":60}},"34":{"start":{"line":93,"column":27},"end":{"line":93,"column":35}}},"fnMap":{"0":{"name":"(anonymous_0)","decl":{"start":{"line":8,"column":22},"end":{"line":8,"column":23}},"loc":{"start":{"line":8,"column":59},"end":{"line":32,"column":1}},"line":8},"1":{"name":"(anonymous_1)","decl":{"start":{"line":35,"column":24},"end":{"line":35,"column":25}},"loc":{"start":{"line":35,"column":42},"end":{"line":61,"column":1}},"line":35},"2":{"name":"(anonymous_2)","decl":{"start":{"line":63,"column":23},"end":{"line":63,"column":24}},"loc":{"start":{"line":63,"column":29},"end":{"line":91,"column":1}},"line":63},"3":{"name":"(anonymous_3)","decl":{"start":{"line":63,"column":29},"end":{"line":63,"column":30}},"loc":{"start":{"line":63,"column":47},"end":{"line":91,"column":1}},"line":63},"4":{"name":"(anonymous_4)","decl":{"start":{"line":93,"column":27},"end":{"line":93,"column":28}},"loc":{"start":{"line":93,"column":33},"end":{"line":93,"column":35}},"line":93}},"branchMap":{"0":{"loc":{"start":{"line":23,"column":4},"end":{"line":25,"column":5}},"type":"if","locations":[{"start":{"line":23,"column":4},"end":{"line":25,"column":5}},{"start":{"line":23,"column":4},"end":{"line":25,"column":5}}],"line":23},"1":{"loc":{"start":{"line":43,"column":2},"end":{"line":46,"column":3}},"type":"if","locations":[{"start":{"line":43,"column":2},"end":{"line":46,"column":3}},{"start":{"line":43,"column":2},"end":{"line":46,"column":3}}],"line":43},"2":{"loc":{"start":{"line":48,"column":2},"end":{"line":58,"column":3}},"type":"if","locations":[{"start":{"line":48,"column":2},"end":{"line":58,"column":3}},{"start":{"line":48,"column":2},"end":{"line":58,"column":3}}],"line":48},"3":{"loc":{"start":{"line":74,"column":2},"end":{"line":79,"column":3}},"type":"if","locations":[{"start":{"line":74,"column":2},"end":{"line":79,"column":3}},{"start":{"line":74,"column":2},"end":{"line":79,"column":3}}],"line":74},"4":{"loc":{"start":{"line":74,"column":6},"end":{"line":74,"column":53}},"type":"binary-expr","locations":[{"start":{"line":74,"column":6},"end":{"line":74,"column":12}},{"start":{"line":74,"column":16},"end":{"line":74,"column":53}}],"line":74},"5":{"loc":{"start":{"line":76,"column":4},"end":{"line":78,"column":5}},"type":"if","locations":[{"start":{"line":76,"column":4},"end":{"line":78,"column":5}},{"start":{"line":76,"column":4},"end":{"line":78,"column":5}}],"line":76}},"s":{"0":1,"1":1,"2":1,"3":1,"4":0,"5":1,"6":1,"7":0,"8":1,"9":0,"10":0,"11":0,"12":0,"13":0,"14":0,"15":0,"16":0,"17":0,"18":0,"19":1,"20":1,"21":1,"22":1,"23":1,"24":0,"25":1,"26":0,"27":0,"28":0,"29":1,"30":1,"31":1,"32":1,"33":0,"34":1},"f":{"0":1,"1":0,"2":1,"3":1,"4":0},"b":{"0":[0,1],"1":[0,0],"2":[0,0],"3":[0,1],"4":[1,1],"5":[0,0]},"_coverageSchema":"332fd63041d2c1bcb487cc26dd0d5f7d97098a6c","hash":"ec53696e86e43680c11ad917d383cab1393d7cde"}
,"/Users/mustafaabdelhamid/Desktop/local-pickup-sports-manager/mobile/actions/game_actions.js": {"path":"/Users/mustafaabdelhamid/Desktop/local-pickup-sports-manager/mobile/actions/game_actions.js","statementMap":{"0":{"start":{"line":3,"column":26},"end":{"line":3,"column":52}},"1":{"start":{"line":3,"column":32},"end":{"line":3,"column":52}},"2":{"start":{"line":12,"column":24},"end":{"line":34,"column":1}},"3":{"start":{"line":12,"column":51},"end":{"line":34,"column":1}},"4":{"start":{"line":13,"column":2},"end":{"line":33,"column":3}},"5":{"start":{"line":15,"column":20},"end":{"line":23,"column":5}},"6":{"start":{"line":25,"column":4},"end":{"line":27,"column":5}},"7":{"start":{"line":26,"column":6},"end":{"line":26,"column":60}},"8":{"start":{"line":29,"column":18},"end":{"line":29,"column":38}},"9":{"start":{"line":30,"column":4},"end":{"line":30,"column":50}},"10":{"start":{"line":32,"column":4},"end":{"line":32,"column":63}}},"fnMap":{"0":{"name":"(anonymous_0)","decl":{"start":{"line":3,"column":26},"end":{"line":3,"column":27}},"loc":{"start":{"line":3,"column":32},"end":{"line":3,"column":52}},"line":3},"1":{"name":"(anonymous_1)","decl":{"start":{"line":3,"column":32},"end":{"line":3,"column":33}},"loc":{"start":{"line":3,"column":50},"end":{"line":3,"column":52}},"line":3},"2":{"name":"(anonymous_2)","decl":{"start":{"line":12,"column":24},"end":{"line":12,"column":25}},"loc":{"start":{"line":12,"column":51},"end":{"line":34,"column":1}},"line":12},"3":{"name":"(anonymous_3)","decl":{"start":{"line":12,"column":51},"end":{"line":12,"column":52}},"loc":{"start":{"line":12,"column":69},"end":{"line":34,"column":1}},"line":12}},"branchMap":{"0":{"loc":{"start":{"line":25,"column":4},"end":{"line":27,"column":5}},"type":"if","locations":[{"start":{"line":25,"column":4},"end":{"line":27,"column":5}},{"start":{"line":25,"column":4},"end":{"line":27,"column":5}}],"line":25}},"s":{"0":1,"1":0,"2":1,"3":2,"4":1,"5":1,"6":1,"7":0,"8":1,"9":1,"10":0},"f":{"0":0,"1":0,"2":2,"3":1},"b":{"0":[0,1]},"_coverageSchema":"332fd63041d2c1bcb487cc26dd0d5f7d97098a6c","hash":"fb6913dd5d709f14c6e97933c2a9773e35a431f8"}
,"/Users/mustafaabdelhamid/Desktop/local-pickup-sports-manager/mobile/actions/types.js": {"path":"/Users/mustafaabdelhamid/Desktop/local-pickup-sports-manager/mobile/actions/types.js","statementMap":{"0":{"start":{"line":1,"column":29},"end":{"line":1,"column":44}},"1":{"start":{"line":2,"column":26},"end":{"line":2,"column":38}},"2":{"start":{"line":3,"column":25},"end":{"line":3,"column":36}}},"fnMap":{},"branchMap":{},"s":{"0":2,"1":2,"2":2},"f":{},"b":{},"_coverageSchema":"332fd63041d2c1bcb487cc26dd0d5f7d97098a6c","hash":"5457f777255629772dce0f37e3b434b4aa890098"}
,"/Users/mustafaabdelhamid/Desktop/local-pickup-sports-manager/mobile/components/GameCard.js": {"path":"/Users/mustafaabdelhamid/Desktop/local-pickup-sports-manager/mobile/components/GameCard.js","statementMap":{"0":{"start":{"line":7,"column":17},"end":{"line":25,"column":1}},"1":{"start":{"line":8,"column":2},"end":{"line":24,"column":3}},"2":{"start":{"line":10,"column":20},"end":{"line":17,"column":6}},"3":{"start":{"line":19,"column":4},"end":{"line":21,"column":5}},"4":{"start":{"line":20,"column":6},"end":{"line":20,"column":46}},"5":{"start":{"line":23,"column":4},"end":{"line":23,"column":20}},"6":{"start":{"line":30,"column":56},"end":{"line":30,"column":61}},"7":{"start":{"line":32,"column":2},"end":{"line":79,"column":4}},"8":{"start":{"line":50,"column":10},"end":{"line":54,"column":12}},"9":{"start":{"line":71,"column":10},"end":{"line":75,"column":12}},"10":{"start":{"line":82,"column":24},"end":{"line":82,"column":59}},"11":{"start":{"line":82,"column":33},"end":{"line":82,"column":59}},"12":{"start":{"line":86,"column":0},"end":{"line":92,"column":2}},"13":{"start":{"line":94,"column":0},"end":{"line":96,"column":2}}},"fnMap":{"0":{"name":"(anonymous_0)","decl":{"start":{"line":7,"column":17},"end":{"line":7,"column":18}},"loc":{"start":{"line":7,"column":35},"end":{"line":25,"column":1}},"line":7},"1":{"name":"GameCard","decl":{"start":{"line":27,"column":9},"end":{"line":27,"column":17}},"loc":{"start":{"line":27,"column":25},"end":{"line":80,"column":1}},"line":27},"2":{"name":"(anonymous_2)","decl":{"start":{"line":49,"column":17},"end":{"line":49,"column":18}},"loc":{"start":{"line":50,"column":10},"end":{"line":54,"column":12}},"line":50},"3":{"name":"(anonymous_3)","decl":{"start":{"line":70,"column":17},"end":{"line":70,"column":18}},"loc":{"start":{"line":71,"column":10},"end":{"line":75,"column":12}},"line":71},"4":{"name":"(anonymous_4)","decl":{"start":{"line":82,"column":24},"end":{"line":82,"column":25}},"loc":{"start":{"line":82,"column":33},"end":{"line":82,"column":59}},"line":82}},"branchMap":{"0":{"loc":{"start":{"line":19,"column":4},"end":{"line":21,"column":5}},"type":"if","locations":[{"start":{"line":19,"column":4},"end":{"line":21,"column":5}},{"start":{"line":19,"column":4},"end":{"line":21,"column":5}}],"line":19}},"s":{"0":2,"1":0,"2":0,"3":0,"4":0,"5":0,"6":0,"7":0,"8":0,"9":0,"10":2,"11":0,"12":2,"13":2},"f":{"0":0,"1":0,"2":0,"3":0,"4":0},"b":{"0":[0,0]},"_coverageSchema":"332fd63041d2c1bcb487cc26dd0d5f7d97098a6c","hash":"e85c9e0f17153143c9229c1e208d2822b7384d48"}
,"/Users/mustafaabdelhamid/Desktop/local-pickup-sports-manager/mobile/reducers/game_reducer.js": {"path":"/Users/mustafaabdelhamid/Desktop/local-pickup-sports-manager/mobile/reducers/game_reducer.js","statementMap":{"0":{"start":{"line":4,"column":2},"end":{"line":11,"column":3}},"1":{"start":{"line":6,"column":20},"end":{"line":6,"column":34}},"2":{"start":{"line":7,"column":6},"end":{"line":7,"column":23}},"3":{"start":{"line":10,"column":6},"end":{"line":10,"column":19}}},"fnMap":{"0":{"name":"(anonymous_0)","decl":{"start":{"line":3,"column":15},"end":{"line":3,"column":16}},"loc":{"start":{"line":3,"column":39},"end":{"line":12,"column":1}},"line":3}},"branchMap":{"0":{"loc":{"start":{"line":3,"column":16},"end":{"line":3,"column":26}},"type":"default-arg","locations":[{"start":{"line":3,"column":24},"end":{"line":3,"column":26}}],"line":3},"1":{"loc":{"start":{"line":4,"column":2},"end":{"line":11,"column":3}},"type":"switch","locations":[{"start":{"line":5,"column":4},"end":{"line":8,"column":5}},{"start":{"line":9,"column":4},"end":{"line":10,"column":19}}],"line":4}},"s":{"0":1,"1":1,"2":1,"3":0},"f":{"0":1},"b":{"0":[0],"1":[1,0]},"_coverageSchema":"332fd63041d2c1bcb487cc26dd0d5f7d97098a6c","hash":"5a936a1acc33b48c5abcfecb17ec01ad981b666d"}
,"/Users/mustafaabdelhamid/Desktop/local-pickup-sports-manager/mobile/screens/CreateGameScreen.js": {"path":"/Users/mustafaabdelhamid/Desktop/local-pickup-sports-manager/mobile/screens/CreateGameScreen.js","statementMap":{"0":{"start":{"line":15,"column":15},"end":{"line":22,"column":2}},"1":{"start":{"line":24,"column":50},"end":{"line":37,"column":3}},"2":{"start":{"line":30,"column":23},"end":{"line":30,"column":50}},"3":{"start":{"line":40,"column":4},"end":{"line":40,"column":17}},"4":{"start":{"line":41,"column":4},"end":{"line":41,"column":44}},"5":{"start":{"line":43,"column":4},"end":{"line":43,"column":43}},"6":{"start":{"line":48,"column":16},"end":{"line":56,"column":5}},"7":{"start":{"line":57,"column":27},"end":{"line":57,"column":37}},"8":{"start":{"line":58,"column":4},"end":{"line":76,"column":5}},"9":{"start":{"line":59,"column":22},"end":{"line":69,"column":7}},"10":{"start":{"line":70,"column":6},"end":{"line":70,"column":69}},"11":{"start":{"line":71,"column":6},"end":{"line":71,"column":40}},"12":{"start":{"line":72,"column":6},"end":{"line":72,"column":34}},"13":{"start":{"line":74,"column":6},"end":{"line":74,"column":60}},"14":{"start":{"line":80,"column":4},"end":{"line":80,"column":43}},"15":{"start":{"line":92,"column":8},"end":{"line":92,"column":18}},"16":{"start":{"line":93,"column":4},"end":{"line":265,"column":6}},"17":{"start":{"line":109,"column":14},"end":{"line":109,"column":51}},"18":{"start":{"line":132,"column":14},"end":{"line":132,"column":47}},"19":{"start":{"line":170,"column":14},"end":{"line":170,"column":47}},"20":{"start":{"line":210,"column":34},"end":{"line":210,"column":67}},"21":{"start":{"line":226,"column":14},"end":{"line":226,"column":46}},"22":{"start":{"line":246,"column":14},"end":{"line":246,"column":49}},"23":{"start":{"line":259,"column":29},"end":{"line":259,"column":59}}},"fnMap":{"0":{"name":"(anonymous_0)","decl":{"start":{"line":24,"column":29},"end":{"line":24,"column":30}},"loc":{"start":{"line":24,"column":50},"end":{"line":37,"column":3}},"line":24},"1":{"name":"(anonymous_1)","decl":{"start":{"line":30,"column":17},"end":{"line":30,"column":18}},"loc":{"start":{"line":30,"column":23},"end":{"line":30,"column":50}},"line":30},"2":{"name":"(anonymous_2)","decl":{"start":{"line":39,"column":2},"end":{"line":39,"column":3}},"loc":{"start":{"line":39,"column":21},"end":{"line":44,"column":3}},"line":39},"3":{"name":"(anonymous_3)","decl":{"start":{"line":47,"column":2},"end":{"line":47,"column":3}},"loc":{"start":{"line":47,"column":29},"end":{"line":77,"column":3}},"line":47},"4":{"name":"(anonymous_4)","decl":{"start":{"line":79,"column":2},"end":{"line":79,"column":3}},"loc":{"start":{"line":79,"column":19},"end":{"line":81,"column":3}},"line":79},"5":{"name":"(anonymous_5)","decl":{"start":{"line":83,"column":2},"end":{"line":83,"column":3}},"loc":{"start":{"line":83,"column":11},"end":{"line":266,"column":3}},"line":83},"6":{"name":"(anonymous_6)","decl":{"start":{"line":108,"column":27},"end":{"line":108,"column":28}},"loc":{"start":{"line":108,"column":36},"end":{"line":110,"column":13}},"line":108},"7":{"name":"(anonymous_7)","decl":{"start":{"line":131,"column":27},"end":{"line":131,"column":28}},"loc":{"start":{"line":131,"column":36},"end":{"line":133,"column":13}},"line":131},"8":{"name":"(anonymous_8)","decl":{"start":{"line":169,"column":27},"end":{"line":169,"column":28}},"loc":{"start":{"line":169,"column":36},"end":{"line":171,"column":13}},"line":169},"9":{"name":"(anonymous_9)","decl":{"start":{"line":210,"column":26},"end":{"line":210,"column":27}},"loc":{"start":{"line":210,"column":34},"end":{"line":210,"column":67}},"line":210},"10":{"name":"(anonymous_10)","decl":{"start":{"line":225,"column":27},"end":{"line":225,"column":28}},"loc":{"start":{"line":225,"column":36},"end":{"line":227,"column":13}},"line":225},"11":{"name":"(anonymous_11)","decl":{"start":{"line":245,"column":27},"end":{"line":245,"column":28}},"loc":{"start":{"line":245,"column":36},"end":{"line":247,"column":13}},"line":245},"12":{"name":"(anonymous_12)","decl":{"start":{"line":259,"column":23},"end":{"line":259,"column":24}},"loc":{"start":{"line":259,"column":29},"end":{"line":259,"column":59}},"line":259}},"branchMap":{"0":{"loc":{"start":{"line":35,"column":17},"end":{"line":35,"column":51}},"type":"cond-expr","locations":[{"start":{"line":35,"column":45},"end":{"line":35,"column":47}},{"start":{"line":35,"column":50},"end":{"line":35,"column":51}}],"line":35},"1":{"loc":{"start":{"line":107,"column":27},"end":{"line":107,"column":60}},"type":"binary-expr","locations":[{"start":{"line":107,"column":28},"end":{"line":107,"column":38}},{"start":{"line":107,"column":42},"end":{"line":107,"column":52}},{"start":{"line":107,"column":57},"end":{"line":107,"column":60}}],"line":107},"2":{"loc":{"start":{"line":130,"column":27},"end":{"line":130,"column":56}},"type":"binary-expr","locations":[{"start":{"line":130,"column":28},"end":{"line":130,"column":38}},{"start":{"line":130,"column":42},"end":{"line":130,"column":48}},{"start":{"line":130,"column":53},"end":{"line":130,"column":56}}],"line":130},"3":{"loc":{"start":{"line":168,"column":27},"end":{"line":168,"column":56}},"type":"binary-expr","locations":[{"start":{"line":168,"column":28},"end":{"line":168,"column":38}},{"start":{"line":168,"column":42},"end":{"line":168,"column":48}},{"start":{"line":168,"column":53},"end":{"line":168,"column":56}}],"line":168},"4":{"loc":{"start":{"line":209,"column":27},"end":{"line":209,"column":58}},"type":"binary-expr","locations":[{"start":{"line":209,"column":28},"end":{"line":209,"column":38}},{"start":{"line":209,"column":42},"end":{"line":209,"column":50}},{"start":{"line":209,"column":55},"end":{"line":209,"column":58}}],"line":209},"5":{"loc":{"start":{"line":224,"column":27},"end":{"line":224,"column":55}},"type":"binary-expr","locations":[{"start":{"line":224,"column":28},"end":{"line":224,"column":38}},{"start":{"line":224,"column":42},"end":{"line":224,"column":47}},{"start":{"line":224,"column":52},"end":{"line":224,"column":55}}],"line":224},"6":{"loc":{"start":{"line":244,"column":27},"end":{"line":244,"column":58}},"type":"binary-expr","locations":[{"start":{"line":244,"column":28},"end":{"line":244,"column":38}},{"start":{"line":244,"column":42},"end":{"line":244,"column":50}},{"start":{"line":244,"column":55},"end":{"line":244,"column":58}}],"line":244}},"s":{"0":1,"1":0,"2":0,"3":1,"4":1,"5":1,"6":0,"7":0,"8":0,"9":0,"10":0,"11":0,"12":0,"13":0,"14":0,"15":1,"16":1,"17":0,"18":0,"19":0,"20":0,"21":0,"22":0,"23":0},"f":{"0":0,"1":0,"2":1,"3":0,"4":0,"5":1,"6":0,"7":0,"8":0,"9":0,"10":0,"11":0,"12":0},"b":{"0":[0,0],"1":[1,1,1],"2":[1,1,1],"3":[1,1,1],"4":[1,1,1],"5":[1,1,1],"6":[1,1,1]},"_coverageSchema":"332fd63041d2c1bcb487cc26dd0d5f7d97098a6c","hash":"b524f0a06c37c3fe391fc5f62a355eba4bef9181"}
,"/Users/mustafaabdelhamid/Desktop/local-pickup-sports-manager/mobile/screens/MainScreen.js": {"path":"/Users/mustafaabdelhamid/Desktop/local-pickup-sports-manager/mobile/screens/MainScreen.js","statementMap":{"0":{"start":{"line":10,"column":50},"end":{"line":31,"column":3}},"1":{"start":{"line":16,"column":23},"end":{"line":16,"column":54}},"2":{"start":{"line":24,"column":23},"end":{"line":24,"column":62}},"3":{"start":{"line":34,"column":25},"end":{"line":34,"column":35}},"4":{"start":{"line":36,"column":4},"end":{"line":36,"column":35}},"5":{"start":{"line":40,"column":22},"end":{"line":40,"column":32}},"6":{"start":{"line":42,"column":4},"end":{"line":58,"column":6}},"7":{"start":{"line":48,"column":16},"end":{"line":53,"column":18}},"8":{"start":{"line":62,"column":24},"end":{"line":62,"column":61}},"9":{"start":{"line":62,"column":39},"end":{"line":62,"column":60}},"10":{"start":{"line":66,"column":0},"end":{"line":69,"column":2}},"11":{"start":{"line":71,"column":0},"end":{"line":73,"column":2}}},"fnMap":{"0":{"name":"(anonymous_0)","decl":{"start":{"line":10,"column":29},"end":{"line":10,"column":30}},"loc":{"start":{"line":10,"column":50},"end":{"line":31,"column":3}},"line":10},"1":{"name":"(anonymous_1)","decl":{"start":{"line":16,"column":17},"end":{"line":16,"column":18}},"loc":{"start":{"line":16,"column":23},"end":{"line":16,"column":54}},"line":16},"2":{"name":"(anonymous_2)","decl":{"start":{"line":24,"column":17},"end":{"line":24,"column":18}},"loc":{"start":{"line":24,"column":23},"end":{"line":24,"column":62}},"line":24},"3":{"name":"(anonymous_3)","decl":{"start":{"line":33,"column":2},"end":{"line":33,"column":3}},"loc":{"start":{"line":33,"column":22},"end":{"line":37,"column":3}},"line":33},"4":{"name":"(anonymous_4)","decl":{"start":{"line":39,"column":2},"end":{"line":39,"column":3}},"loc":{"start":{"line":39,"column":11},"end":{"line":59,"column":3}},"line":39},"5":{"name":"(anonymous_5)","decl":{"start":{"line":46,"column":24},"end":{"line":46,"column":25}},"loc":{"start":{"line":48,"column":16},"end":{"line":53,"column":18}},"line":48},"6":{"name":"(anonymous_6)","decl":{"start":{"line":62,"column":24},"end":{"line":62,"column":25}},"loc":{"start":{"line":62,"column":39},"end":{"line":62,"column":60}},"line":62}},"branchMap":{"0":{"loc":{"start":{"line":29,"column":17},"end":{"line":29,"column":51}},"type":"cond-expr","locations":[{"start":{"line":29,"column":45},"end":{"line":29,"column":47}},{"start":{"line":29,"column":50},"end":{"line":29,"column":51}}],"line":29},"1":{"loc":{"start":{"line":45,"column":11},"end":{"line":55,"column":18}},"type":"cond-expr","locations":[{"start":{"line":46,"column":14},"end":{"line":54,"column":16}},{"start":{"line":55,"column":14},"end":{"line":55,"column":18}}],"line":45}},"s":{"0":0,"1":0,"2":0,"3":1,"4":1,"5":1,"6":1,"7":4,"8":1,"9":0,"10":1,"11":1},"f":{"0":0,"1":0,"2":0,"3":1,"4":1,"5":4,"6":0},"b":{"0":[0,0],"1":[1,0]},"_coverageSchema":"332fd63041d2c1bcb487cc26dd0d5f7d97098a6c","hash":"88ff2975fa00cb7e4a9adcab4b5e496a590de32b"}
,"/Users/mustafaabdelhamid/Desktop/local-pickup-sports-manager/mobile/screens/SettingsScreen.js": {"path":"/Users/mustafaabdelhamid/Desktop/local-pickup-sports-manager/mobile/screens/SettingsScreen.js","statementMap":{"0":{"start":{"line":8,"column":50},"end":{"line":21,"column":3}},"1":{"start":{"line":14,"column":23},"end":{"line":14,"column":66}},"2":{"start":{"line":24,"column":35},"end":{"line":24,"column":45}},"3":{"start":{"line":25,"column":4},"end":{"line":25,"column":47}},"4":{"start":{"line":26,"column":4},"end":{"line":56,"column":6}},"5":{"start":{"line":60,"column":24},"end":{"line":60,"column":59}},"6":{"start":{"line":60,"column":33},"end":{"line":60,"column":59}},"7":{"start":{"line":64,"column":0},"end":{"line":68,"column":2}},"8":{"start":{"line":70,"column":0},"end":{"line":72,"column":2}}},"fnMap":{"0":{"name":"(anonymous_0)","decl":{"start":{"line":8,"column":29},"end":{"line":8,"column":30}},"loc":{"start":{"line":8,"column":50},"end":{"line":21,"column":3}},"line":8},"1":{"name":"(anonymous_1)","decl":{"start":{"line":14,"column":17},"end":{"line":14,"column":18}},"loc":{"start":{"line":14,"column":23},"end":{"line":14,"column":66}},"line":14},"2":{"name":"(anonymous_2)","decl":{"start":{"line":23,"column":2},"end":{"line":23,"column":3}},"loc":{"start":{"line":23,"column":11},"end":{"line":57,"column":3}},"line":23},"3":{"name":"(anonymous_3)","decl":{"start":{"line":60,"column":24},"end":{"line":60,"column":25}},"loc":{"start":{"line":60,"column":33},"end":{"line":60,"column":59}},"line":60}},"branchMap":{"0":{"loc":{"start":{"line":19,"column":17},"end":{"line":19,"column":51}},"type":"cond-expr","locations":[{"start":{"line":19,"column":45},"end":{"line":19,"column":47}},{"start":{"line":19,"column":50},"end":{"line":19,"column":51}}],"line":19}},"s":{"0":0,"1":0,"2":1,"3":1,"4":1,"5":1,"6":0,"7":1,"8":1},"f":{"0":0,"1":0,"2":1,"3":0},"b":{"0":[0,0]},"_coverageSchema":"332fd63041d2c1bcb487cc26dd0d5f7d97098a6c","hash":"51e9178fa74d8d154c5de629f50ad1b19a3e7263"}
,"/Users/mustafaabdelhamid/Desktop/local-pickup-sports-manager/mobile/screens/UpdateSettingsScreen.js": {"path":"/Users/mustafaabdelhamid/Desktop/local-pickup-sports-manager/mobile/screens/UpdateSettingsScreen.js","statementMap":{"0":{"start":{"line":6,"column":15},"end":{"line":12,"column":2}},"1":{"start":{"line":14,"column":50},"end":{"line":35,"column":3}},"2":{"start":{"line":20,"column":23},"end":{"line":20,"column":54}},"3":{"start":{"line":28,"column":23},"end":{"line":28,"column":53}},"4":{"start":{"line":38,"column":4},"end":{"line":38,"column":17}},"5":{"start":{"line":39,"column":4},"end":{"line":39,"column":20}},"6":{"start":{"line":44,"column":16},"end":{"line":48,"column":5}},"7":{"start":{"line":50,"column":27},"end":{"line":50,"column":37}},"8":{"start":{"line":52,"column":4},"end":{"line":70,"column":5}},"9":{"start":{"line":53,"column":22},"end":{"line":63,"column":7}},"10":{"start":{"line":64,"column":6},"end":{"line":64,"column":69}},"11":{"start":{"line":65,"column":6},"end":{"line":65,"column":40}},"12":{"start":{"line":66,"column":6},"end":{"line":66,"column":38}},"13":{"start":{"line":68,"column":6},"end":{"line":68,"column":60}},"14":{"start":{"line":74,"column":35},"end":{"line":74,"column":45}},"15":{"start":{"line":75,"column":4},"end":{"line":98,"column":6}},"16":{"start":{"line":81,"column":32},"end":{"line":81,"column":61}},"17":{"start":{"line":87,"column":32},"end":{"line":87,"column":62}},"18":{"start":{"line":95,"column":32},"end":{"line":95,"column":62}}},"fnMap":{"0":{"name":"(anonymous_0)","decl":{"start":{"line":14,"column":29},"end":{"line":14,"column":30}},"loc":{"start":{"line":14,"column":50},"end":{"line":35,"column":3}},"line":14},"1":{"name":"(anonymous_1)","decl":{"start":{"line":20,"column":17},"end":{"line":20,"column":18}},"loc":{"start":{"line":20,"column":23},"end":{"line":20,"column":54}},"line":20},"2":{"name":"(anonymous_2)","decl":{"start":{"line":28,"column":17},"end":{"line":28,"column":18}},"loc":{"start":{"line":28,"column":23},"end":{"line":28,"column":53}},"line":28},"3":{"name":"(anonymous_3)","decl":{"start":{"line":37,"column":2},"end":{"line":37,"column":3}},"loc":{"start":{"line":37,"column":21},"end":{"line":40,"column":3}},"line":37},"4":{"name":"(anonymous_4)","decl":{"start":{"line":43,"column":2},"end":{"line":43,"column":3}},"loc":{"start":{"line":43,"column":29},"end":{"line":71,"column":3}},"line":43},"5":{"name":"(anonymous_5)","decl":{"start":{"line":73,"column":2},"end":{"line":73,"column":3}},"loc":{"start":{"line":73,"column":11},"end":{"line":99,"column":3}},"line":73},"6":{"name":"(anonymous_6)","decl":{"start":{"line":81,"column":24},"end":{"line":81,"column":25}},"loc":{"start":{"line":81,"column":32},"end":{"line":81,"column":61}},"line":81},"7":{"name":"(anonymous_7)","decl":{"start":{"line":87,"column":24},"end":{"line":87,"column":25}},"loc":{"start":{"line":87,"column":32},"end":{"line":87,"column":62}},"line":87},"8":{"name":"(anonymous_8)","decl":{"start":{"line":95,"column":24},"end":{"line":95,"column":25}},"loc":{"start":{"line":95,"column":32},"end":{"line":95,"column":62}},"line":95}},"branchMap":{"0":{"loc":{"start":{"line":33,"column":17},"end":{"line":33,"column":51}},"type":"cond-expr","locations":[{"start":{"line":33,"column":45},"end":{"line":33,"column":47}},{"start":{"line":33,"column":50},"end":{"line":33,"column":51}}],"line":33},"1":{"loc":{"start":{"line":80,"column":25},"end":{"line":80,"column":52}},"type":"binary-expr","locations":[{"start":{"line":80,"column":26},"end":{"line":80,"column":36}},{"start":{"line":80,"column":40},"end":{"line":80,"column":44}},{"start":{"line":80,"column":49},"end":{"line":80,"column":52}}],"line":80},"2":{"loc":{"start":{"line":86,"column":25},"end":{"line":86,"column":53}},"type":"binary-expr","locations":[{"start":{"line":86,"column":26},"end":{"line":86,"column":36}},{"start":{"line":86,"column":40},"end":{"line":86,"column":45}},{"start":{"line":86,"column":50},"end":{"line":86,"column":53}}],"line":86},"3":{"loc":{"start":{"line":94,"column":25},"end":{"line":94,"column":53}},"type":"binary-expr","locations":[{"start":{"line":94,"column":26},"end":{"line":94,"column":36}},{"start":{"line":94,"column":40},"end":{"line":94,"column":45}},{"start":{"line":94,"column":50},"end":{"line":94,"column":53}}],"line":94}},"s":{"0":1,"1":0,"2":0,"3":0,"4":1,"5":1,"6":0,"7":0,"8":0,"9":0,"10":0,"11":0,"12":0,"13":0,"14":1,"15":1,"16":0,"17":0,"18":0},"f":{"0":0,"1":0,"2":0,"3":1,"4":0,"5":1,"6":0,"7":0,"8":0},"b":{"0":[0,0],"1":[1,1,1],"2":[1,1,1],"3":[1,1,1]},"_coverageSchema":"332fd63041d2c1bcb487cc26dd0d5f7d97098a6c","hash":"91c310e1d5d6a3eb5dd60ba621c8cac321ab36f3"}
,"/Users/mustafaabdelhamid/Desktop/local-pickup-sports-manager/mobile/screens/WelcomeScreen.js": {"path":"/Users/mustafaabdelhamid/Desktop/local-pickup-sports-manager/mobile/screens/WelcomeScreen.js","statementMap":{"0":{"start":{"line":5,"column":15},"end":{"line":12,"column":2}},"1":{"start":{"line":15,"column":2},"end":{"line":29,"column":4}},"2":{"start":{"line":21,"column":23},"end":{"line":21,"column":73}},"3":{"start":{"line":26,"column":23},"end":{"line":26,"column":77}}},"fnMap":{"0":{"name":"WelcomeScreen","decl":{"start":{"line":14,"column":24},"end":{"line":14,"column":37}},"loc":{"start":{"line":14,"column":54},"end":{"line":30,"column":1}},"line":14},"1":{"name":"(anonymous_1)","decl":{"start":{"line":21,"column":17},"end":{"line":21,"column":18}},"loc":{"start":{"line":21,"column":23},"end":{"line":21,"column":73}},"line":21},"2":{"name":"(anonymous_2)","decl":{"start":{"line":26,"column":17},"end":{"line":26,"column":18}},"loc":{"start":{"line":26,"column":23},"end":{"line":26,"column":77}},"line":26}},"branchMap":{},"s":{"0":1,"1":1,"2":0,"3":0},"f":{"0":1,"1":0,"2":0},"b":{},"_coverageSchema":"332fd63041d2c1bcb487cc26dd0d5f7d97098a6c","hash":"dec2c727466f2a044ed65025934526ca87bc0c5e"}
}
