TN:
SF:/Users/mustafaabdelhamid/Desktop/local-pickup-sports-manager/mobile/actions/auth_actions.js
FN:8,(anonymous_0)
FN:35,(anonymous_1)
FN:63,(anonymous_2)
FN:63,(anonymous_3)
FN:93,(anonymous_4)
FNF:5
FNH:3
FNDA:1,(anonymous_0)
FNDA:0,(anonymous_1)
FNDA:1,(anonymous_2)
FNDA:1,(anonymous_3)
FNDA:0,(anonymous_4)
DA:8,1
DA:9,1
DA:10,1
DA:23,1
DA:24,0
DA:27,1
DA:28,1
DA:30,0
DA:35,1
DA:36,0
DA:43,0
DA:44,0
DA:45,0
DA:48,0
DA:49,0
DA:50,0
DA:51,0
DA:56,0
DA:60,0
DA:63,1
DA:66,1
DA:67,1
DA:68,1
DA:70,0
DA:74,1
DA:75,0
DA:76,0
DA:77,0
DA:81,1
DA:82,1
DA:86,1
DA:87,1
DA:89,0
DA:93,1
LF:34
LH:17
BRDA:23,0,0,0
BRDA:23,0,1,1
BRDA:43,1,0,0
BRDA:43,1,1,0
BRDA:48,2,0,0
BRDA:48,2,1,0
BRDA:74,3,0,0
BRDA:74,3,1,1
BRDA:74,4,0,1
BRDA:74,4,1,1
BRDA:76,5,0,0
BRDA:76,5,1,0
BRF:12
BRH:4
end_of_record
TN:
SF:/Users/mustafaabdelhamid/Desktop/local-pickup-sports-manager/mobile/actions/game_actions.js
FN:3,(anonymous_0)
FN:3,(anonymous_1)
FN:12,(anonymous_2)
FN:12,(anonymous_3)
FNF:4
FNH:2
FNDA:0,(anonymous_0)
FNDA:0,(anonymous_1)
FNDA:2,(anonymous_2)
FNDA:1,(anonymous_3)
DA:3,1
DA:12,2
DA:13,1
DA:15,1
DA:25,1
DA:26,0
DA:29,1
DA:30,1
DA:32,0
LF:9
LH:7
BRDA:25,0,0,0
BRDA:25,0,1,1
BRF:2
BRH:1
end_of_record
TN:
SF:/Users/mustafaabdelhamid/Desktop/local-pickup-sports-manager/mobile/actions/types.js
FNF:0
FNH:0
DA:1,2
DA:2,2
DA:3,2
LF:3
LH:3
BRF:0
BRH:0
end_of_record
TN:
SF:/Users/mustafaabdelhamid/Desktop/local-pickup-sports-manager/mobile/components/GameCard.js
FN:7,(anonymous_0)
FN:27,GameCard
FN:49,(anonymous_2)
FN:70,(anonymous_3)
FN:82,(anonymous_4)
FNF:5
FNH:0
FNDA:0,(anonymous_0)
FNDA:0,GameCard
FNDA:0,(anonymous_2)
FNDA:0,(anonymous_3)
FNDA:0,(anonymous_4)
DA:7,2
DA:8,0
DA:10,0
DA:19,0
DA:20,0
DA:23,0
DA:30,0
DA:32,0
DA:50,0
DA:71,0
DA:82,2
DA:86,2
DA:94,2
LF:13
LH:4
BRDA:19,0,0,0
BRDA:19,0,1,0
BRF:2
BRH:0
end_of_record
TN:
SF:/Users/mustafaabdelhamid/Desktop/local-pickup-sports-manager/mobile/reducers/game_reducer.js
FN:3,(anonymous_0)
FNF:1
FNH:1
FNDA:1,(anonymous_0)
DA:4,1
DA:6,1
DA:7,1
DA:10,0
LF:4
LH:3
BRDA:3,0,0,0
BRDA:4,1,0,1
BRDA:4,1,1,0
BRF:3
BRH:1
end_of_record
TN:
SF:/Users/mustafaabdelhamid/Desktop/local-pickup-sports-manager/mobile/screens/CreateGameScreen.js
FN:24,(anonymous_0)
FN:30,(anonymous_1)
FN:39,(anonymous_2)
FN:47,(anonymous_3)
FN:79,(anonymous_4)
FN:83,(anonymous_5)
FN:108,(anonymous_6)
FN:131,(anonymous_7)
FN:169,(anonymous_8)
FN:210,(anonymous_9)
FN:225,(anonymous_10)
FN:245,(anonymous_11)
FN:259,(anonymous_12)
FNF:13
FNH:2
FNDA:0,(anonymous_0)
FNDA:0,(anonymous_1)
FNDA:1,(anonymous_2)
FNDA:0,(anonymous_3)
FNDA:0,(anonymous_4)
FNDA:1,(anonymous_5)
FNDA:0,(anonymous_6)
FNDA:0,(anonymous_7)
FNDA:0,(anonymous_8)
FNDA:0,(anonymous_9)
FNDA:0,(anonymous_10)
FNDA:0,(anonymous_11)
FNDA:0,(anonymous_12)
DA:15,1
DA:24,0
DA:30,0
DA:40,1
DA:41,1
DA:43,1
DA:48,0
DA:57,0
DA:58,0
DA:59,0
DA:70,0
DA:71,0
DA:72,0
DA:74,0
DA:80,0
DA:92,1
DA:93,1
DA:109,0
DA:132,0
DA:170,0
DA:210,0
DA:226,0
DA:246,0
DA:259,0
LF:24
LH:6
BRDA:35,0,0,0
BRDA:35,0,1,0
BRDA:107,1,0,1
BRDA:107,1,1,1
BRDA:107,1,2,1
BRDA:130,2,0,1
BRDA:130,2,1,1
BRDA:130,2,2,1
BRDA:168,3,0,1
BRDA:168,3,1,1
BRDA:168,3,2,1
BRDA:209,4,0,1
BRDA:209,4,1,1
BRDA:209,4,2,1
BRDA:224,5,0,1
BRDA:224,5,1,1
BRDA:224,5,2,1
BRDA:244,6,0,1
BRDA:244,6,1,1
BRDA:244,6,2,1
BRF:20
BRH:18
end_of_record
TN:
SF:/Users/mustafaabdelhamid/Desktop/local-pickup-sports-manager/mobile/screens/MainScreen.js
FN:10,(anonymous_0)
FN:16,(anonymous_1)
FN:24,(anonymous_2)
FN:33,(anonymous_3)
FN:39,(anonymous_4)
FN:46,(anonymous_5)
FN:62,(anonymous_6)
FNF:7
FNH:3
FNDA:0,(anonymous_0)
FNDA:0,(anonymous_1)
FNDA:0,(anonymous_2)
FNDA:1,(anonymous_3)
FNDA:1,(anonymous_4)
FNDA:4,(anonymous_5)
FNDA:0,(anonymous_6)
DA:10,0
DA:16,0
DA:24,0
DA:34,1
DA:36,1
DA:40,1
DA:42,1
DA:48,4
DA:62,1
DA:66,1
DA:71,1
LF:11
LH:8
BRDA:29,0,0,0
BRDA:29,0,1,0
BRDA:45,1,0,1
BRDA:45,1,1,0
BRF:4
BRH:1
end_of_record
TN:
SF:/Users/mustafaabdelhamid/Desktop/local-pickup-sports-manager/mobile/screens/SettingsScreen.js
FN:8,(anonymous_0)
FN:14,(anonymous_1)
FN:23,(anonymous_2)
FN:60,(anonymous_3)
FNF:4
FNH:1
FNDA:0,(anonymous_0)
FNDA:0,(anonymous_1)
FNDA:1,(anonymous_2)
FNDA:0,(anonymous_3)
DA:8,0
DA:14,0
DA:24,1
DA:25,1
DA:26,1
DA:60,1
DA:64,1
DA:70,1
LF:8
LH:6
BRDA:19,0,0,0
BRDA:19,0,1,0
BRF:2
BRH:0
end_of_record
TN:
SF:/Users/mustafaabdelhamid/Desktop/local-pickup-sports-manager/mobile/screens/UpdateSettingsScreen.js
FN:14,(anonymous_0)
FN:20,(anonymous_1)
FN:28,(anonymous_2)
FN:37,(anonymous_3)
FN:43,(anonymous_4)
FN:73,(anonymous_5)
FN:81,(anonymous_6)
FN:87,(anonymous_7)
FN:95,(anonymous_8)
FNF:9
FNH:2
FNDA:0,(anonymous_0)
FNDA:0,(anonymous_1)
FNDA:0,(anonymous_2)
FNDA:1,(anonymous_3)
FNDA:0,(anonymous_4)
FNDA:1,(anonymous_5)
FNDA:0,(anonymous_6)
FNDA:0,(anonymous_7)
FNDA:0,(anonymous_8)
DA:6,1
DA:14,0
DA:20,0
DA:28,0
DA:38,1
DA:39,1
DA:44,0
DA:50,0
DA:52,0
DA:53,0
DA:64,0
DA:65,0
DA:66,0
DA:68,0
DA:74,1
DA:75,1
DA:81,0
DA:87,0
DA:95,0
LF:19
LH:5
BRDA:33,0,0,0
BRDA:33,0,1,0
BRDA:80,1,0,1
BRDA:80,1,1,1
BRDA:80,1,2,1
BRDA:86,2,0,1
BRDA:86,2,1,1
BRDA:86,2,2,1
BRDA:94,3,0,1
BRDA:94,3,1,1
BRDA:94,3,2,1
BRF:11
BRH:9
end_of_record
TN:
SF:/Users/mustafaabdelhamid/Desktop/local-pickup-sports-manager/mobile/screens/WelcomeScreen.js
FN:14,WelcomeScreen
FN:21,(anonymous_1)
FN:26,(anonymous_2)
FNF:3
FNH:1
FNDA:1,WelcomeScreen
FNDA:0,(anonymous_1)
FNDA:0,(anonymous_2)
DA:5,1
DA:15,1
DA:21,0
DA:26,0
LF:4
LH:2
BRF:0
BRH:0
end_of_record
